<?xml version="1.0" encoding="UTF-8"?>
<testsuite name="nsu.barysheva.HeapSortTest" tests="5" skipped="0" failures="0" errors="0" timestamp="2024-09-23T15:34:47" hostname="Air-Olesya.dlink" time="0.092">
  <properties/>
  <testcase name="main_test()" classname="nsu.barysheva.HeapSortTest" time="0.069"/>
  <testcase name="test_sort1()" classname="nsu.barysheva.HeapSortTest" time="0.011"/>
  <testcase name="test_sort2()" classname="nsu.barysheva.HeapSortTest" time="0.001"/>
  <testcase name="test_sort3()" classname="nsu.barysheva.HeapSortTest" time="0.001"/>
  <testcase name="test_sort4()" classname="nsu.barysheva.HeapSortTest" time="0.001"/>
  <system-out><![CDATA[integer array: 100 -456 34567 34 567 0 
array after heapsort: -456 0 34 100 567 34567 ]]></system-out>
  <system-err><![CDATA[]]></system-err>
</testsuite>
