<?xml version="1.0" encoding="UTF-8"?>
<testsuite name="nsu.barysheva.SubstringSearchTest" tests="5" skipped="0" failures="0" errors="0" timestamp="2024-12-03T06:14:43" hostname="Air-Olesya.dlink" time="0.187">
  <properties/>
  <testcase name="startTest()" classname="nsu.barysheva.SubstringSearchTest" time="0.008"/>
  <testcase name="foreingTest()" classname="nsu.barysheva.SubstringSearchTest" time="0.0"/>
  <testcase name="testLargeFile()" classname="nsu.barysheva.SubstringSearchTest" time="0.001"/>
  <testcase name="testLargeGeneratedFile()" classname="nsu.barysheva.SubstringSearchTest" time="0.175"/>
  <testcase name="testEmptyArr()" classname="nsu.barysheva.SubstringSearchTest" time="0.0"/>
  <system-out><![CDATA[]]></system-out>
  <system-err><![CDATA[]]></system-err>
</testsuite>
