<?xml version="1.0" encoding="UTF-8"?>
<testsuite name="nsu.barysheva.SubstringSearchTest" tests="6" skipped="0" failures="0" errors="0" timestamp="2024-12-09T07:49:10" hostname="MacBook-Air-Olesya.local" time="0.167">
  <properties/>
  <testcase name="startTest()" classname="nsu.barysheva.SubstringSearchTest" time="0.01"/>
  <testcase name="testFindSubstringInBigString()" classname="nsu.barysheva.SubstringSearchTest" time="0.149"/>
  <testcase name="foreingTest()" classname="nsu.barysheva.SubstringSearchTest" time="0.001"/>
  <testcase name="testLargeFile()" classname="nsu.barysheva.SubstringSearchTest" time="0.001"/>
  <testcase name="emojiTest()" classname="nsu.barysheva.SubstringSearchTest" time="0.003"/>
  <testcase name="testEmptyArr()" classname="nsu.barysheva.SubstringSearchTest" time="0.001"/>
  <system-out><![CDATA[]]></system-out>
  <system-err><![CDATA[]]></system-err>
</testsuite>
